<?xml version="1.0" encoding="UTF-8"?>
<!-- Generated by org.testng.reporters.JUnitXMLReporter -->
<testsuite ignored="0" hostname="Nikitha-Laptop2024" failures="0" tests="16" name="Test" time="16.313" errors="0" timestamp="2023-12-09T21:14:27 IST">
  <testcase classname="Tests.NewTest" name="LaunchURL" time="4.696"/>
  <testcase classname="Tests.NewTest" name="blackScreenCheck" time="1.394"/>
  <testcase classname="Tests.NewTest" name="CloseBlackScreen" time="0.087"/>
  <testcase classname="Tests.NewTest" name="Location" time="0.158"/>
  <testcase classname="Tests.NewTest" name="verifyURLDeals" time="0.921"/>
  <testcase classname="Tests.NewTest" name="selectSidesTab" time="2.231"/>
  <testcase classname="Tests.NewTest" name="selectDrinksTab" time="1.723"/>
  <testcase classname="Tests.NewTest" name="checkout" time="0.619"/>
  <testcase classname="Tests.NewTest" name="onlinePayment" time="0.142"/>
  <testcase classname="Tests.NewTest" name="cashPayment" time="0.256"/>
  <testcase classname="Tests.NewTest" name="agreeCheck" time="0.066"/>
  <testcase classname="Tests.NewTest" name="checkoutDetails" time="1.785"/>
  <testcase classname="Tests.NewTest" name="GiftcardPopUp" time="0.29"/>
  <testcase classname="Tests.NewTest" name="Voucher" time="1.464"/>
  <testcase classname="Tests.NewTest" name="closePopUp" time="0.081"/>
  <testcase classname="Tests.NewTest" name="verifyBasketPage" time="0.022"/>
</testsuite> <!-- Test -->
