<?xml version="1.0" encoding="UTF-8"?>
<testng-results ignored="0" total="16" passed="16" failed="0" skipped="0">
  <reporter-output>
  </reporter-output>
  <suite started-at="2023-12-09T21:14:11 IST" name="Suite" finished-at="2023-12-09T21:14:27 IST" duration-ms="16313">
    <groups>
    </groups>
    <test started-at="2023-12-09T21:14:11 IST" name="Test" finished-at="2023-12-09T21:14:27 IST" duration-ms="16313">
      <class name="Tests.NewTest">
        <test-method is-config="true" signature="beforeSuite()[pri:0, instance:Tests.NewTest@6eb2384f]" started-at="2023-12-09T21:14:08 IST" name="beforeSuite" finished-at="2023-12-09T21:14:11 IST" duration-ms="2659" status="PASS">
          <reporter-output>
          </reporter-output>
        </test-method> <!-- beforeSuite -->
        <test-method is-config="true" signature="beforeTest()[pri:0, instance:Tests.NewTest@6eb2384f]" started-at="2023-12-09T21:14:11 IST" name="beforeTest" finished-at="2023-12-09T21:14:11 IST" duration-ms="1" status="PASS">
          <reporter-output>
          </reporter-output>
        </test-method> <!-- beforeTest -->
        <test-method is-config="true" signature="beforeClass()[pri:0, instance:Tests.NewTest@6eb2384f]" started-at="2023-12-09T21:14:11 IST" name="beforeClass" finished-at="2023-12-09T21:14:11 IST" duration-ms="1" status="PASS">
          <reporter-output>
          </reporter-output>
        </test-method> <!-- beforeClass -->
        <test-method is-config="true" signature="beforeMethod()[pri:0, instance:Tests.NewTest@6eb2384f]" started-at="2023-12-09T21:14:11 IST" name="beforeMethod" finished-at="2023-12-09T21:14:11 IST" duration-ms="1" status="PASS">
          <reporter-output>
          </reporter-output>
        </test-method> <!-- beforeMethod -->
        <test-method signature="LaunchURL()[pri:1, instance:Tests.NewTest@6eb2384f]" started-at="2023-12-09T21:14:11 IST" name="LaunchURL" finished-at="2023-12-09T21:14:16 IST" duration-ms="4696" status="PASS">
          <reporter-output>
          </reporter-output>
        </test-method> <!-- LaunchURL -->
        <test-method is-config="true" signature="afterMethod()[pri:0, instance:Tests.NewTest@6eb2384f]" started-at="2023-12-09T21:14:16 IST" name="afterMethod" finished-at="2023-12-09T21:14:16 IST" duration-ms="0" status="PASS">
          <reporter-output>
          </reporter-output>
        </test-method> <!-- afterMethod -->
        <test-method signature="blackScreenCheck()[pri:2, instance:Tests.NewTest@6eb2384f]" started-at="2023-12-09T21:14:16 IST" name="blackScreenCheck" finished-at="2023-12-09T21:14:17 IST" duration-ms="1394" status="PASS">
          <reporter-output>
          </reporter-output>
        </test-method> <!-- blackScreenCheck -->
        <test-method is-config="true" signature="beforeMethod()[pri:0, instance:Tests.NewTest@6eb2384f]" started-at="2023-12-09T21:14:16 IST" name="beforeMethod" finished-at="2023-12-09T21:14:16 IST" duration-ms="0" status="PASS">
          <reporter-output>
          </reporter-output>
        </test-method> <!-- beforeMethod -->
        <test-method is-config="true" signature="afterMethod()[pri:0, instance:Tests.NewTest@6eb2384f]" started-at="2023-12-09T21:14:17 IST" name="afterMethod" finished-at="2023-12-09T21:14:17 IST" duration-ms="0" status="PASS">
          <reporter-output>
          </reporter-output>
        </test-method> <!-- afterMethod -->
        <test-method signature="CloseBlackScreen()[pri:2, instance:Tests.NewTest@6eb2384f]" started-at="2023-12-09T21:14:17 IST" name="CloseBlackScreen" finished-at="2023-12-09T21:14:17 IST" depends-on-methods="Tests.NewTest.blackScreenCheck" duration-ms="87" status="PASS">
          <reporter-output>
          </reporter-output>
        </test-method> <!-- CloseBlackScreen -->
        <test-method is-config="true" signature="beforeMethod()[pri:0, instance:Tests.NewTest@6eb2384f]" started-at="2023-12-09T21:14:17 IST" name="beforeMethod" finished-at="2023-12-09T21:14:17 IST" duration-ms="0" status="PASS">
          <reporter-output>
          </reporter-output>
        </test-method> <!-- beforeMethod -->
        <test-method is-config="true" signature="afterMethod()[pri:0, instance:Tests.NewTest@6eb2384f]" started-at="2023-12-09T21:14:17 IST" name="afterMethod" finished-at="2023-12-09T21:14:17 IST" duration-ms="0" status="PASS">
          <reporter-output>
          </reporter-output>
        </test-method> <!-- afterMethod -->
        <test-method signature="Location()[pri:3, instance:Tests.NewTest@6eb2384f]" started-at="2023-12-09T21:14:17 IST" name="Location" finished-at="2023-12-09T21:14:17 IST" duration-ms="158" status="PASS">
          <reporter-output>
          </reporter-output>
        </test-method> <!-- Location -->
        <test-method is-config="true" signature="beforeMethod()[pri:0, instance:Tests.NewTest@6eb2384f]" started-at="2023-12-09T21:14:17 IST" name="beforeMethod" finished-at="2023-12-09T21:14:17 IST" duration-ms="0" status="PASS">
          <reporter-output>
          </reporter-output>
        </test-method> <!-- beforeMethod -->
        <test-method is-config="true" signature="afterMethod()[pri:0, instance:Tests.NewTest@6eb2384f]" started-at="2023-12-09T21:14:17 IST" name="afterMethod" finished-at="2023-12-09T21:14:17 IST" duration-ms="0" status="PASS">
          <reporter-output>
          </reporter-output>
        </test-method> <!-- afterMethod -->
        <test-method signature="verifyURLDeals()[pri:4, instance:Tests.NewTest@6eb2384f]" started-at="2023-12-09T21:14:17 IST" name="verifyURLDeals" finished-at="2023-12-09T21:14:18 IST" duration-ms="921" status="PASS">
          <reporter-output>
          </reporter-output>
        </test-method> <!-- verifyURLDeals -->
        <test-method is-config="true" signature="beforeMethod()[pri:0, instance:Tests.NewTest@6eb2384f]" started-at="2023-12-09T21:14:17 IST" name="beforeMethod" finished-at="2023-12-09T21:14:17 IST" duration-ms="0" status="PASS">
          <reporter-output>
          </reporter-output>
        </test-method> <!-- beforeMethod -->
        <test-method is-config="true" signature="afterMethod()[pri:0, instance:Tests.NewTest@6eb2384f]" started-at="2023-12-09T21:14:18 IST" name="afterMethod" finished-at="2023-12-09T21:14:18 IST" duration-ms="1" status="PASS">
          <reporter-output>
          </reporter-output>
        </test-method> <!-- afterMethod -->
        <test-method is-config="true" signature="beforeMethod()[pri:0, instance:Tests.NewTest@6eb2384f]" started-at="2023-12-09T21:14:18 IST" name="beforeMethod" finished-at="2023-12-09T21:14:18 IST" duration-ms="1" status="PASS">
          <reporter-output>
          </reporter-output>
        </test-method> <!-- beforeMethod -->
        <test-method signature="selectSidesTab()[pri:5, instance:Tests.NewTest@6eb2384f]" started-at="2023-12-09T21:14:18 IST" name="selectSidesTab" finished-at="2023-12-09T21:14:21 IST" duration-ms="2231" status="PASS">
          <reporter-output>
          </reporter-output>
        </test-method> <!-- selectSidesTab -->
        <test-method is-config="true" signature="afterMethod()[pri:0, instance:Tests.NewTest@6eb2384f]" started-at="2023-12-09T21:14:21 IST" name="afterMethod" finished-at="2023-12-09T21:14:21 IST" duration-ms="1" status="PASS">
          <reporter-output>
          </reporter-output>
        </test-method> <!-- afterMethod -->
        <test-method is-config="true" signature="beforeMethod()[pri:0, instance:Tests.NewTest@6eb2384f]" started-at="2023-12-09T21:14:21 IST" name="beforeMethod" finished-at="2023-12-09T21:14:21 IST" duration-ms="2" status="PASS">
          <reporter-output>
          </reporter-output>
        </test-method> <!-- beforeMethod -->
        <test-method signature="selectDrinksTab()[pri:7, instance:Tests.NewTest@6eb2384f]" started-at="2023-12-09T21:14:21 IST" name="selectDrinksTab" finished-at="2023-12-09T21:14:22 IST" duration-ms="1723" status="PASS">
          <reporter-output>
          </reporter-output>
        </test-method> <!-- selectDrinksTab -->
        <test-method is-config="true" signature="afterMethod()[pri:0, instance:Tests.NewTest@6eb2384f]" started-at="2023-12-09T21:14:22 IST" name="afterMethod" finished-at="2023-12-09T21:14:22 IST" duration-ms="1" status="PASS">
          <reporter-output>
          </reporter-output>
        </test-method> <!-- afterMethod -->
        <test-method is-config="true" signature="beforeMethod()[pri:0, instance:Tests.NewTest@6eb2384f]" started-at="2023-12-09T21:14:22 IST" name="beforeMethod" finished-at="2023-12-09T21:14:22 IST" duration-ms="1" status="PASS">
          <reporter-output>
          </reporter-output>
        </test-method> <!-- beforeMethod -->
        <test-method signature="checkout()[pri:8, instance:Tests.NewTest@6eb2384f]" started-at="2023-12-09T21:14:22 IST" name="checkout" finished-at="2023-12-09T21:14:23 IST" duration-ms="619" status="PASS">
          <reporter-output>
          </reporter-output>
        </test-method> <!-- checkout -->
        <test-method is-config="true" signature="afterMethod()[pri:0, instance:Tests.NewTest@6eb2384f]" started-at="2023-12-09T21:14:23 IST" name="afterMethod" finished-at="2023-12-09T21:14:23 IST" duration-ms="0" status="PASS">
          <reporter-output>
          </reporter-output>
        </test-method> <!-- afterMethod -->
        <test-method signature="onlinePayment()[pri:9, instance:Tests.NewTest@6eb2384f]" started-at="2023-12-09T21:14:23 IST" name="onlinePayment" finished-at="2023-12-09T21:14:23 IST" duration-ms="142" status="PASS">
          <reporter-output>
          </reporter-output>
        </test-method> <!-- onlinePayment -->
        <test-method is-config="true" signature="beforeMethod()[pri:0, instance:Tests.NewTest@6eb2384f]" started-at="2023-12-09T21:14:23 IST" name="beforeMethod" finished-at="2023-12-09T21:14:23 IST" duration-ms="0" status="PASS">
          <reporter-output>
          </reporter-output>
        </test-method> <!-- beforeMethod -->
        <test-method is-config="true" signature="afterMethod()[pri:0, instance:Tests.NewTest@6eb2384f]" started-at="2023-12-09T21:14:23 IST" name="afterMethod" finished-at="2023-12-09T21:14:23 IST" duration-ms="0" status="PASS">
          <reporter-output>
          </reporter-output>
        </test-method> <!-- afterMethod -->
        <test-method signature="cashPayment()[pri:10, instance:Tests.NewTest@6eb2384f]" started-at="2023-12-09T21:14:23 IST" name="cashPayment" finished-at="2023-12-09T21:14:23 IST" duration-ms="256" status="PASS">
          <reporter-output>
          </reporter-output>
        </test-method> <!-- cashPayment -->
        <test-method is-config="true" signature="beforeMethod()[pri:0, instance:Tests.NewTest@6eb2384f]" started-at="2023-12-09T21:14:23 IST" name="beforeMethod" finished-at="2023-12-09T21:14:23 IST" duration-ms="0" status="PASS">
          <reporter-output>
          </reporter-output>
        </test-method> <!-- beforeMethod -->
        <test-method is-config="true" signature="afterMethod()[pri:0, instance:Tests.NewTest@6eb2384f]" started-at="2023-12-09T21:14:23 IST" name="afterMethod" finished-at="2023-12-09T21:14:23 IST" duration-ms="1" status="PASS">
          <reporter-output>
          </reporter-output>
        </test-method> <!-- afterMethod -->
        <test-method is-config="true" signature="beforeMethod()[pri:0, instance:Tests.NewTest@6eb2384f]" started-at="2023-12-09T21:14:23 IST" name="beforeMethod" finished-at="2023-12-09T21:14:23 IST" duration-ms="1" status="PASS">
          <reporter-output>
          </reporter-output>
        </test-method> <!-- beforeMethod -->
        <test-method signature="agreeCheck()[pri:11, instance:Tests.NewTest@6eb2384f]" started-at="2023-12-09T21:14:23 IST" name="agreeCheck" finished-at="2023-12-09T21:14:23 IST" duration-ms="66" status="PASS">
          <reporter-output>
          </reporter-output>
        </test-method> <!-- agreeCheck -->
        <test-method is-config="true" signature="afterMethod()[pri:0, instance:Tests.NewTest@6eb2384f]" started-at="2023-12-09T21:14:23 IST" name="afterMethod" finished-at="2023-12-09T21:14:23 IST" duration-ms="0" status="PASS">
          <reporter-output>
          </reporter-output>
        </test-method> <!-- afterMethod -->
        <test-method signature="checkoutDetails()[pri:12, instance:Tests.NewTest@6eb2384f]" started-at="2023-12-09T21:14:23 IST" name="checkoutDetails" finished-at="2023-12-09T21:14:25 IST" duration-ms="1785" status="PASS">
          <reporter-output>
          </reporter-output>
        </test-method> <!-- checkoutDetails -->
        <test-method is-config="true" signature="beforeMethod()[pri:0, instance:Tests.NewTest@6eb2384f]" started-at="2023-12-09T21:14:23 IST" name="beforeMethod" finished-at="2023-12-09T21:14:23 IST" duration-ms="0" status="PASS">
          <reporter-output>
          </reporter-output>
        </test-method> <!-- beforeMethod -->
        <test-method is-config="true" signature="afterMethod()[pri:0, instance:Tests.NewTest@6eb2384f]" started-at="2023-12-09T21:14:25 IST" name="afterMethod" finished-at="2023-12-09T21:14:25 IST" duration-ms="1" status="PASS">
          <reporter-output>
          </reporter-output>
        </test-method> <!-- afterMethod -->
        <test-method is-config="true" signature="beforeMethod()[pri:0, instance:Tests.NewTest@6eb2384f]" started-at="2023-12-09T21:14:25 IST" name="beforeMethod" finished-at="2023-12-09T21:14:25 IST" duration-ms="1" status="PASS">
          <reporter-output>
          </reporter-output>
        </test-method> <!-- beforeMethod -->
        <test-method signature="GiftcardPopUp()[pri:13, instance:Tests.NewTest@6eb2384f]" started-at="2023-12-09T21:14:25 IST" name="GiftcardPopUp" finished-at="2023-12-09T21:14:26 IST" duration-ms="290" status="PASS">
          <reporter-output>
          </reporter-output>
        </test-method> <!-- GiftcardPopUp -->
        <test-method is-config="true" signature="afterMethod()[pri:0, instance:Tests.NewTest@6eb2384f]" started-at="2023-12-09T21:14:26 IST" name="afterMethod" finished-at="2023-12-09T21:14:26 IST" duration-ms="1" status="PASS">
          <reporter-output>
          </reporter-output>
        </test-method> <!-- afterMethod -->
        <test-method is-config="true" signature="beforeMethod()[pri:0, instance:Tests.NewTest@6eb2384f]" started-at="2023-12-09T21:14:26 IST" name="beforeMethod" finished-at="2023-12-09T21:14:26 IST" duration-ms="2" status="PASS">
          <reporter-output>
          </reporter-output>
        </test-method> <!-- beforeMethod -->
        <test-method signature="Voucher()[pri:14, instance:Tests.NewTest@6eb2384f]" started-at="2023-12-09T21:14:26 IST" name="Voucher" finished-at="2023-12-09T21:14:27 IST" duration-ms="1464" status="PASS">
          <reporter-output>
          </reporter-output>
        </test-method> <!-- Voucher -->
        <test-method is-config="true" signature="afterMethod()[pri:0, instance:Tests.NewTest@6eb2384f]" started-at="2023-12-09T21:14:27 IST" name="afterMethod" finished-at="2023-12-09T21:14:27 IST" duration-ms="0" status="PASS">
          <reporter-output>
          </reporter-output>
        </test-method> <!-- afterMethod -->
        <test-method is-config="true" signature="beforeMethod()[pri:0, instance:Tests.NewTest@6eb2384f]" started-at="2023-12-09T21:14:27 IST" name="beforeMethod" finished-at="2023-12-09T21:14:27 IST" duration-ms="1" status="PASS">
          <reporter-output>
          </reporter-output>
        </test-method> <!-- beforeMethod -->
        <test-method signature="closePopUp()[pri:15, instance:Tests.NewTest@6eb2384f]" started-at="2023-12-09T21:14:27 IST" name="closePopUp" finished-at="2023-12-09T21:14:27 IST" duration-ms="81" status="PASS">
          <reporter-output>
          </reporter-output>
        </test-method> <!-- closePopUp -->
        <test-method is-config="true" signature="afterMethod()[pri:0, instance:Tests.NewTest@6eb2384f]" started-at="2023-12-09T21:14:27 IST" name="afterMethod" finished-at="2023-12-09T21:14:27 IST" duration-ms="1" status="PASS">
          <reporter-output>
          </reporter-output>
        </test-method> <!-- afterMethod -->
        <test-method is-config="true" signature="beforeMethod()[pri:0, instance:Tests.NewTest@6eb2384f]" started-at="2023-12-09T21:14:27 IST" name="beforeMethod" finished-at="2023-12-09T21:14:27 IST" duration-ms="1" status="PASS">
          <reporter-output>
          </reporter-output>
        </test-method> <!-- beforeMethod -->
        <test-method signature="verifyBasketPage()[pri:16, instance:Tests.NewTest@6eb2384f]" started-at="2023-12-09T21:14:27 IST" name="verifyBasketPage" finished-at="2023-12-09T21:14:27 IST" duration-ms="22" status="PASS">
          <reporter-output>
          </reporter-output>
        </test-method> <!-- verifyBasketPage -->
        <test-method is-config="true" signature="afterMethod()[pri:0, instance:Tests.NewTest@6eb2384f]" started-at="2023-12-09T21:14:27 IST" name="afterMethod" finished-at="2023-12-09T21:14:27 IST" duration-ms="0" status="PASS">
          <reporter-output>
          </reporter-output>
        </test-method> <!-- afterMethod -->
        <test-method is-config="true" signature="afterClass()[pri:0, instance:Tests.NewTest@6eb2384f]" started-at="2023-12-09T21:14:27 IST" name="afterClass" finished-at="2023-12-09T21:14:27 IST" duration-ms="0" status="PASS">
          <reporter-output>
          </reporter-output>
        </test-method> <!-- afterClass -->
        <test-method is-config="true" signature="afterTest()[pri:0, instance:Tests.NewTest@6eb2384f]" started-at="2023-12-09T21:14:27 IST" name="afterTest" finished-at="2023-12-09T21:14:27 IST" duration-ms="0" status="PASS">
          <reporter-output>
          </reporter-output>
        </test-method> <!-- afterTest -->
        <test-method is-config="true" signature="afterSuite()[pri:0, instance:Tests.NewTest@6eb2384f]" started-at="2023-12-09T21:14:28 IST" name="afterSuite" finished-at="2023-12-09T21:14:28 IST" duration-ms="377" status="PASS">
          <reporter-output>
          </reporter-output>
        </test-method> <!-- afterSuite -->
      </class> <!-- Tests.NewTest -->
    </test> <!-- Test -->
  </suite> <!-- Suite -->
</testng-results>
