<?xml version="1.0" encoding="UTF-8"?>
<testsuite xmlns:xsi="http://www.w3.org/2001/XMLSchema-instance" xsi:noNamespaceSchemaLocation="https://maven.apache.org/surefire/maven-surefire-plugin/xsd/surefire-test-report-3.0.xsd" version="3.0" name="TestSuite" time="20.667" tests="16" errors="0" skipped="0" failures="0">
  <properties>
[...]
</properties>
  <testcase name="LaunchURL" classname="Tests.NewTest" time="4.696">
    <system-out><![CDATA[LaunchURL OnTestStart
]]></system-out>
    <system-err><![CDATA[Dec 09, 2023 9:14:11 PM org.openqa.selenium.devtools.CdpVersionFinder findNearestMatch
WARNING: Unable to find an exact match for CDP version 120, so returning the closest version found: 116
]]></system-err>
  </testcase>
  <testcase name="blackScreenCheck" classname="Tests.NewTest" time="1.394">
    <system-out><![CDATA[LaunchURL pass
blackScreenCheck OnTestStart
]]></system-out>
  </testcase>
  <testcase name="CloseBlackScreen" classname="Tests.NewTest" time="0.086">
    <system-out><![CDATA[blackScreenCheck pass
CloseBlackScreen OnTestStart
]]></system-out>
  </testcase>
  <testcase name="Location" classname="Tests.NewTest" time="0.158">
    <system-out><![CDATA[CloseBlackScreen pass
Location OnTestStart
]]></system-out>
  </testcase>
  <testcase name="verifyURLDeals" classname="Tests.NewTest" time="0.921">
    <system-out><![CDATA[Location pass
verifyURLDeals OnTestStart
deals on the URL pass
]]></system-out>
  </testcase>
  <testcase name="selectSidesTab" classname="Tests.NewTest" time="2.23">
    <system-out><![CDATA[verifyURLDeals pass
selectSidesTab OnTestStart
]]></system-out>
  </testcase>
  <testcase name="selectDrinksTab" classname="Tests.NewTest" time="1.725">
    <system-out><![CDATA[selectSidesTab pass
selectDrinksTab OnTestStart
]]></system-out>
  </testcase>
  <testcase name="checkout" classname="Tests.NewTest" time="0.618">
    <system-out><![CDATA[selectDrinksTab pass
checkout OnTestStart
]]></system-out>
  </testcase>
  <testcase name="onlinePayment" classname="Tests.NewTest" time="0.133">
    <system-out><![CDATA[checkout pass
onlinePayment OnTestStart
the selction of online payment is : true
]]></system-out>
  </testcase>
  <testcase name="cashPayment" classname="Tests.NewTest" time="0.249">
    <system-out><![CDATA[onlinePayment pass
cashPayment OnTestStart
]]></system-out>
  </testcase>
  <testcase name="agreeCheck" classname="Tests.NewTest" time="0.062">
    <system-out><![CDATA[cashPayment pass
agreeCheck OnTestStart
]]></system-out>
  </testcase>
  <testcase name="checkoutDetails" classname="Tests.NewTest" time="1.789">
    <system-out><![CDATA[agreeCheck pass
checkoutDetails OnTestStart
]]></system-out>
  </testcase>
  <testcase name="GiftcardPopUp" classname="Tests.NewTest" time="0.277">
    <system-out><![CDATA[checkoutDetails pass
GiftcardPopUp OnTestStart
]]></system-out>
  </testcase>
  <testcase name="Voucher" classname="Tests.NewTest" time="1.462">
    <system-out><![CDATA[GiftcardPopUp pass
Voucher OnTestStart
]]></system-out>
  </testcase>
  <testcase name="closePopUp" classname="Tests.NewTest" time="0.077">
    <system-out><![CDATA[Voucher pass
closePopUp OnTestStart
]]></system-out>
  </testcase>
  <testcase name="verifyBasketPage" classname="Tests.NewTest" time="0.021">
    <system-out><![CDATA[closePopUp pass
verifyBasketPage OnTestStart
]]></system-out>
  </testcase>
</testsuite>