<?xml version="1.0" encoding="UTF-8"?>
<testng-results ignored="0" total="16" passed="15" failed="1" skipped="0">
  <reporter-output>
  </reporter-output>
  <suite started-at="2023-12-10T19:59:07 IST" name="Default suite" finished-at="2023-12-10T20:01:02 IST" duration-ms="115319">
    <groups>
    </groups>
    <test started-at="2023-12-10T19:59:07 IST" name="Default test" finished-at="2023-12-10T20:01:02 IST" duration-ms="115319">
      <class name="Tests.NewTest">
        <test-method is-config="true" signature="beforeSuite()[pri:0, instance:Tests.NewTest@497486b3]" started-at="2023-12-10T19:59:04 IST" name="beforeSuite" finished-at="2023-12-10T19:59:07 IST" duration-ms="2825" status="PASS">
          <reporter-output>
          </reporter-output>
        </test-method> <!-- beforeSuite -->
        <test-method is-config="true" signature="beforeTest()[pri:0, instance:Tests.NewTest@497486b3]" started-at="2023-12-10T19:59:07 IST" name="beforeTest" finished-at="2023-12-10T19:59:07 IST" duration-ms="2" status="PASS">
          <reporter-output>
          </reporter-output>
        </test-method> <!-- beforeTest -->
        <test-method is-config="true" signature="beforeClass()[pri:0, instance:Tests.NewTest@497486b3]" started-at="2023-12-10T19:59:07 IST" name="beforeClass" finished-at="2023-12-10T19:59:07 IST" duration-ms="1" status="PASS">
          <reporter-output>
          </reporter-output>
        </test-method> <!-- beforeClass -->
        <test-method is-config="true" signature="beforeMethod()[pri:0, instance:Tests.NewTest@497486b3]" started-at="2023-12-10T19:59:07 IST" name="beforeMethod" finished-at="2023-12-10T19:59:07 IST" duration-ms="1" status="PASS">
          <reporter-output>
          </reporter-output>
        </test-method> <!-- beforeMethod -->
        <test-method signature="LaunchURL()[pri:1, instance:Tests.NewTest@497486b3]" started-at="2023-12-10T19:59:07 IST" name="LaunchURL" finished-at="2023-12-10T19:59:11 IST" duration-ms="3646" status="PASS">
          <reporter-output>
          </reporter-output>
        </test-method> <!-- LaunchURL -->
        <test-method is-config="true" signature="afterMethod()[pri:0, instance:Tests.NewTest@497486b3]" started-at="2023-12-10T19:59:11 IST" name="afterMethod" finished-at="2023-12-10T19:59:11 IST" duration-ms="0" status="PASS">
          <reporter-output>
          </reporter-output>
        </test-method> <!-- afterMethod -->
        <test-method signature="blackScreenCheck()[pri:2, instance:Tests.NewTest@497486b3]" started-at="2023-12-10T19:59:11 IST" name="blackScreenCheck" finished-at="2023-12-10T19:59:13 IST" duration-ms="2697" status="PASS">
          <reporter-output>
          </reporter-output>
        </test-method> <!-- blackScreenCheck -->
        <test-method is-config="true" signature="beforeMethod()[pri:0, instance:Tests.NewTest@497486b3]" started-at="2023-12-10T19:59:11 IST" name="beforeMethod" finished-at="2023-12-10T19:59:11 IST" duration-ms="0" status="PASS">
          <reporter-output>
          </reporter-output>
        </test-method> <!-- beforeMethod -->
        <test-method is-config="true" signature="afterMethod()[pri:0, instance:Tests.NewTest@497486b3]" started-at="2023-12-10T19:59:13 IST" name="afterMethod" finished-at="2023-12-10T19:59:13 IST" duration-ms="3" status="PASS">
          <reporter-output>
          </reporter-output>
        </test-method> <!-- afterMethod -->
        <test-method signature="CloseBlackScreen()[pri:2, instance:Tests.NewTest@497486b3]" started-at="2023-12-10T19:59:13 IST" name="CloseBlackScreen" finished-at="2023-12-10T19:59:14 IST" depends-on-methods="Tests.NewTest.blackScreenCheck" duration-ms="138" status="PASS">
          <reporter-output>
          </reporter-output>
        </test-method> <!-- CloseBlackScreen -->
        <test-method is-config="true" signature="beforeMethod()[pri:0, instance:Tests.NewTest@497486b3]" started-at="2023-12-10T19:59:13 IST" name="beforeMethod" finished-at="2023-12-10T19:59:13 IST" duration-ms="0" status="PASS">
          <reporter-output>
          </reporter-output>
        </test-method> <!-- beforeMethod -->
        <test-method signature="Location()[pri:3, instance:Tests.NewTest@497486b3]" started-at="2023-12-10T19:59:14 IST" name="Location" finished-at="2023-12-10T20:00:56 IST" duration-ms="102750" status="FAIL">
          <exception class="org.openqa.selenium.TimeoutException">
            <message>
              <![CDATA[Expected condition failed: waiting for visibility of element located by By.xpath: //span[@class='semi-bold uppercase'] (tried for 100 second(s) with 500 milliseconds interval)
Build info: version: '4.12.1', revision: '8e34639b11'
System info: os.name: 'Windows 11', os.arch: 'amd64', os.version: '10.0', java.version: '21.0.1'
Driver info: org.openqa.selenium.edge.EdgeDriver
Capabilities {acceptInsecureCerts: false, browserName: MicrosoftEdge, browserVersion: 120.0.2210.61, fedcm:accounts: true, ms:edgeOptions: {debuggerAddress: localhost:50830}, msedge: {msedgedriverVersion: 120.0.2210.61 (50ab4bd76cf1..., userDataDir: C:\Users\Nikitha\AppData\Lo...}, networkConnectionEnabled: false, pageLoadStrategy: normal, platformName: windows, proxy: Proxy(), se:cdp: ws://localhost:50830/devtoo..., se:cdpVersion: 120.0.2210.61, setWindowRect: true, strictFileInteractability: false, timeouts: {implicit: 0, pageLoad: 300000, script: 30000}, unhandledPromptBehavior: dismiss and notify, webauthn:extension:credBlob: true, webauthn:extension:largeBlob: true, webauthn:extension:minPinLength: true, webauthn:extension:prf: true, webauthn:virtualAuthenticators: true}
Session ID: f18922d2e8e0d989b303c113cb85bfab]]>
            </message>
            <full-stacktrace>
              <![CDATA[org.openqa.selenium.TimeoutException: Expected condition failed: waiting for visibility of element located by By.xpath: //span[@class='semi-bold uppercase'] (tried for 100 second(s) with 500 milliseconds interval)
Build info: version: '4.12.1', revision: '8e34639b11'
System info: os.name: 'Windows 11', os.arch: 'amd64', os.version: '10.0', java.version: '21.0.1'
Driver info: org.openqa.selenium.edge.EdgeDriver
Capabilities {acceptInsecureCerts: false, browserName: MicrosoftEdge, browserVersion: 120.0.2210.61, fedcm:accounts: true, ms:edgeOptions: {debuggerAddress: localhost:50830}, msedge: {msedgedriverVersion: 120.0.2210.61 (50ab4bd76cf1..., userDataDir: C:\Users\Nikitha\AppData\Lo...}, networkConnectionEnabled: false, pageLoadStrategy: normal, platformName: windows, proxy: Proxy(), se:cdp: ws://localhost:50830/devtoo..., se:cdpVersion: 120.0.2210.61, setWindowRect: true, strictFileInteractability: false, timeouts: {implicit: 0, pageLoad: 300000, script: 30000}, unhandledPromptBehavior: dismiss and notify, webauthn:extension:credBlob: true, webauthn:extension:largeBlob: true, webauthn:extension:minPinLength: true, webauthn:extension:prf: true, webauthn:virtualAuthenticators: true}
Session ID: f18922d2e8e0d989b303c113cb85bfab
at org.openqa.selenium.support.ui.WebDriverWait.timeoutException(WebDriverWait.java:84)
at org.openqa.selenium.support.ui.FluentWait.until(FluentWait.java:230)
at Methods.LaunchPageFunctions.Location(LaunchPageFunctions.java:65)
at Tests.NewTest.Location(NewTest.java:52)
at java.base/jdk.internal.reflect.DirectMethodHandleAccessor.invoke(DirectMethodHandleAccessor.java:103)
at java.base/java.lang.reflect.Method.invoke(Method.java:580)
at org.testng.internal.invokers.MethodInvocationHelper.invokeMethod(MethodInvocationHelper.java:139)
at org.testng.internal.invokers.TestInvoker.invokeMethod(TestInvoker.java:664)
at org.testng.internal.invokers.TestInvoker.invokeTestMethod(TestInvoker.java:227)
at org.testng.internal.invokers.MethodRunner.runInSequence(MethodRunner.java:50)
at org.testng.internal.invokers.TestInvoker$MethodInvocationAgent.invoke(TestInvoker.java:957)
at org.testng.internal.invokers.TestInvoker.invokeTestMethods(TestInvoker.java:200)
at org.testng.internal.invokers.TestMethodWorker.invokeTestMethods(TestMethodWorker.java:148)
at org.testng.internal.invokers.TestMethodWorker.run(TestMethodWorker.java:128)
at java.base/java.util.ArrayList.forEach(ArrayList.java:1596)
at org.testng.TestRunner.privateRun(TestRunner.java:848)
at org.testng.TestRunner.run(TestRunner.java:621)
at org.testng.SuiteRunner.runTest(SuiteRunner.java:443)
at org.testng.SuiteRunner.runSequentially(SuiteRunner.java:437)
at org.testng.SuiteRunner.privateRun(SuiteRunner.java:397)
at org.testng.SuiteRunner.run(SuiteRunner.java:336)
at org.testng.SuiteRunnerWorker.runSuite(SuiteRunnerWorker.java:52)
at org.testng.SuiteRunnerWorker.run(SuiteRunnerWorker.java:95)
at org.testng.TestNG.runSuitesSequentially(TestNG.java:1280)
at org.testng.TestNG.runSuitesLocally(TestNG.java:1200)
at org.testng.TestNG.runSuites(TestNG.java:1114)
at org.testng.TestNG.run(TestNG.java:1082)
at org.testng.remote.AbstractRemoteTestNG.run(AbstractRemoteTestNG.java:115)
at org.testng.remote.RemoteTestNG.initAndRun(RemoteTestNG.java:251)
at org.testng.remote.RemoteTestNG.main(RemoteTestNG.java:77)
]]>
            </full-stacktrace>
          </exception> <!-- org.openqa.selenium.TimeoutException -->
          <reporter-output>
          </reporter-output>
        </test-method> <!-- Location -->
        <test-method is-config="true" signature="afterMethod()[pri:0, instance:Tests.NewTest@497486b3]" started-at="2023-12-10T19:59:14 IST" name="afterMethod" finished-at="2023-12-10T19:59:14 IST" duration-ms="0" status="PASS">
          <reporter-output>
          </reporter-output>
        </test-method> <!-- afterMethod -->
        <test-method is-config="true" signature="beforeMethod()[pri:0, instance:Tests.NewTest@497486b3]" started-at="2023-12-10T19:59:14 IST" name="beforeMethod" finished-at="2023-12-10T19:59:14 IST" duration-ms="0" status="PASS">
          <reporter-output>
          </reporter-output>
        </test-method> <!-- beforeMethod -->
        <test-method is-config="true" signature="afterMethod()[pri:0, instance:Tests.NewTest@497486b3]" started-at="2023-12-10T20:00:56 IST" name="afterMethod" finished-at="2023-12-10T20:00:56 IST" duration-ms="1" status="PASS">
          <reporter-output>
          </reporter-output>
        </test-method> <!-- afterMethod -->
        <test-method signature="verifyURLDeals()[pri:4, instance:Tests.NewTest@497486b3]" started-at="2023-12-10T20:00:56 IST" name="verifyURLDeals" finished-at="2023-12-10T20:00:56 IST" duration-ms="77" status="PASS">
          <reporter-output>
          </reporter-output>
        </test-method> <!-- verifyURLDeals -->
        <test-method is-config="true" signature="beforeMethod()[pri:0, instance:Tests.NewTest@497486b3]" started-at="2023-12-10T20:00:56 IST" name="beforeMethod" finished-at="2023-12-10T20:00:56 IST" duration-ms="0" status="PASS">
          <reporter-output>
          </reporter-output>
        </test-method> <!-- beforeMethod -->
        <test-method signature="selectSidesTab()[pri:5, instance:Tests.NewTest@497486b3]" started-at="2023-12-10T20:00:56 IST" name="selectSidesTab" finished-at="2023-12-10T20:00:57 IST" duration-ms="1016" status="PASS">
          <reporter-output>
          </reporter-output>
        </test-method> <!-- selectSidesTab -->
        <test-method is-config="true" signature="afterMethod()[pri:0, instance:Tests.NewTest@497486b3]" started-at="2023-12-10T20:00:56 IST" name="afterMethod" finished-at="2023-12-10T20:00:56 IST" duration-ms="0" status="PASS">
          <reporter-output>
          </reporter-output>
        </test-method> <!-- afterMethod -->
        <test-method is-config="true" signature="beforeMethod()[pri:0, instance:Tests.NewTest@497486b3]" started-at="2023-12-10T20:00:56 IST" name="beforeMethod" finished-at="2023-12-10T20:00:56 IST" duration-ms="0" status="PASS">
          <reporter-output>
          </reporter-output>
        </test-method> <!-- beforeMethod -->
        <test-method is-config="true" signature="afterMethod()[pri:0, instance:Tests.NewTest@497486b3]" started-at="2023-12-10T20:00:57 IST" name="afterMethod" finished-at="2023-12-10T20:00:57 IST" duration-ms="1" status="PASS">
          <reporter-output>
          </reporter-output>
        </test-method> <!-- afterMethod -->
        <test-method signature="selectDrinksTab()[pri:7, instance:Tests.NewTest@497486b3]" started-at="2023-12-10T20:00:57 IST" name="selectDrinksTab" finished-at="2023-12-10T20:00:58 IST" duration-ms="982" status="PASS">
          <reporter-output>
          </reporter-output>
        </test-method> <!-- selectDrinksTab -->
        <test-method is-config="true" signature="beforeMethod()[pri:0, instance:Tests.NewTest@497486b3]" started-at="2023-12-10T20:00:57 IST" name="beforeMethod" finished-at="2023-12-10T20:00:57 IST" duration-ms="0" status="PASS">
          <reporter-output>
          </reporter-output>
        </test-method> <!-- beforeMethod -->
        <test-method is-config="true" signature="afterMethod()[pri:0, instance:Tests.NewTest@497486b3]" started-at="2023-12-10T20:00:58 IST" name="afterMethod" finished-at="2023-12-10T20:00:58 IST" duration-ms="1" status="PASS">
          <reporter-output>
          </reporter-output>
        </test-method> <!-- afterMethod -->
        <test-method signature="checkout()[pri:8, instance:Tests.NewTest@497486b3]" started-at="2023-12-10T20:00:58 IST" name="checkout" finished-at="2023-12-10T20:00:59 IST" duration-ms="390" status="PASS">
          <reporter-output>
          </reporter-output>
        </test-method> <!-- checkout -->
        <test-method is-config="true" signature="beforeMethod()[pri:0, instance:Tests.NewTest@497486b3]" started-at="2023-12-10T20:00:58 IST" name="beforeMethod" finished-at="2023-12-10T20:00:58 IST" duration-ms="0" status="PASS">
          <reporter-output>
          </reporter-output>
        </test-method> <!-- beforeMethod -->
        <test-method is-config="true" signature="afterMethod()[pri:0, instance:Tests.NewTest@497486b3]" started-at="2023-12-10T20:00:59 IST" name="afterMethod" finished-at="2023-12-10T20:00:59 IST" duration-ms="0" status="PASS">
          <reporter-output>
          </reporter-output>
        </test-method> <!-- afterMethod -->
        <test-method signature="onlinePayment()[pri:9, instance:Tests.NewTest@497486b3]" started-at="2023-12-10T20:00:59 IST" name="onlinePayment" finished-at="2023-12-10T20:00:59 IST" duration-ms="52" status="PASS">
          <reporter-output>
          </reporter-output>
        </test-method> <!-- onlinePayment -->
        <test-method is-config="true" signature="beforeMethod()[pri:0, instance:Tests.NewTest@497486b3]" started-at="2023-12-10T20:00:59 IST" name="beforeMethod" finished-at="2023-12-10T20:00:59 IST" duration-ms="0" status="PASS">
          <reporter-output>
          </reporter-output>
        </test-method> <!-- beforeMethod -->
        <test-method is-config="true" signature="afterMethod()[pri:0, instance:Tests.NewTest@497486b3]" started-at="2023-12-10T20:00:59 IST" name="afterMethod" finished-at="2023-12-10T20:00:59 IST" duration-ms="0" status="PASS">
          <reporter-output>
          </reporter-output>
        </test-method> <!-- afterMethod -->
        <test-method is-config="true" signature="beforeMethod()[pri:0, instance:Tests.NewTest@497486b3]" started-at="2023-12-10T20:00:59 IST" name="beforeMethod" finished-at="2023-12-10T20:00:59 IST" duration-ms="0" status="PASS">
          <reporter-output>
          </reporter-output>
        </test-method> <!-- beforeMethod -->
        <test-method signature="cashPayment()[pri:10, instance:Tests.NewTest@497486b3]" started-at="2023-12-10T20:00:59 IST" name="cashPayment" finished-at="2023-12-10T20:00:59 IST" duration-ms="130" status="PASS">
          <reporter-output>
          </reporter-output>
        </test-method> <!-- cashPayment -->
        <test-method signature="agreeCheck()[pri:11, instance:Tests.NewTest@497486b3]" started-at="2023-12-10T20:00:59 IST" name="agreeCheck" finished-at="2023-12-10T20:00:59 IST" duration-ms="39" status="PASS">
          <reporter-output>
          </reporter-output>
        </test-method> <!-- agreeCheck -->
        <test-method is-config="true" signature="afterMethod()[pri:0, instance:Tests.NewTest@497486b3]" started-at="2023-12-10T20:00:59 IST" name="afterMethod" finished-at="2023-12-10T20:00:59 IST" duration-ms="0" status="PASS">
          <reporter-output>
          </reporter-output>
        </test-method> <!-- afterMethod -->
        <test-method is-config="true" signature="beforeMethod()[pri:0, instance:Tests.NewTest@497486b3]" started-at="2023-12-10T20:00:59 IST" name="beforeMethod" finished-at="2023-12-10T20:00:59 IST" duration-ms="0" status="PASS">
          <reporter-output>
          </reporter-output>
        </test-method> <!-- beforeMethod -->
        <test-method signature="checkoutDetails()[pri:12, instance:Tests.NewTest@497486b3]" started-at="2023-12-10T20:00:59 IST" name="checkoutDetails" finished-at="2023-12-10T20:01:00 IST" duration-ms="1314" status="PASS">
          <reporter-output>
          </reporter-output>
        </test-method> <!-- checkoutDetails -->
        <test-method is-config="true" signature="beforeMethod()[pri:0, instance:Tests.NewTest@497486b3]" started-at="2023-12-10T20:00:59 IST" name="beforeMethod" finished-at="2023-12-10T20:00:59 IST" duration-ms="0" status="PASS">
          <reporter-output>
          </reporter-output>
        </test-method> <!-- beforeMethod -->
        <test-method is-config="true" signature="afterMethod()[pri:0, instance:Tests.NewTest@497486b3]" started-at="2023-12-10T20:00:59 IST" name="afterMethod" finished-at="2023-12-10T20:00:59 IST" duration-ms="0" status="PASS">
          <reporter-output>
          </reporter-output>
        </test-method> <!-- afterMethod -->
        <test-method is-config="true" signature="beforeMethod()[pri:0, instance:Tests.NewTest@497486b3]" started-at="2023-12-10T20:01:00 IST" name="beforeMethod" finished-at="2023-12-10T20:01:00 IST" duration-ms="0" status="PASS">
          <reporter-output>
          </reporter-output>
        </test-method> <!-- beforeMethod -->
        <test-method is-config="true" signature="afterMethod()[pri:0, instance:Tests.NewTest@497486b3]" started-at="2023-12-10T20:01:00 IST" name="afterMethod" finished-at="2023-12-10T20:01:00 IST" duration-ms="0" status="PASS">
          <reporter-output>
          </reporter-output>
        </test-method> <!-- afterMethod -->
        <test-method signature="GiftcardPopUp()[pri:13, instance:Tests.NewTest@497486b3]" started-at="2023-12-10T20:01:00 IST" name="GiftcardPopUp" finished-at="2023-12-10T20:01:00 IST" duration-ms="169" status="PASS">
          <reporter-output>
          </reporter-output>
        </test-method> <!-- GiftcardPopUp -->
        <test-method signature="Voucher()[pri:14, instance:Tests.NewTest@497486b3]" started-at="2023-12-10T20:01:00 IST" name="Voucher" finished-at="2023-12-10T20:01:02 IST" duration-ms="1361" status="PASS">
          <reporter-output>
          </reporter-output>
        </test-method> <!-- Voucher -->
        <test-method is-config="true" signature="afterMethod()[pri:0, instance:Tests.NewTest@497486b3]" started-at="2023-12-10T20:01:00 IST" name="afterMethod" finished-at="2023-12-10T20:01:00 IST" duration-ms="0" status="PASS">
          <reporter-output>
          </reporter-output>
        </test-method> <!-- afterMethod -->
        <test-method is-config="true" signature="beforeMethod()[pri:0, instance:Tests.NewTest@497486b3]" started-at="2023-12-10T20:01:00 IST" name="beforeMethod" finished-at="2023-12-10T20:01:00 IST" duration-ms="0" status="PASS">
          <reporter-output>
          </reporter-output>
        </test-method> <!-- beforeMethod -->
        <test-method signature="closePopUp()[pri:15, instance:Tests.NewTest@497486b3]" started-at="2023-12-10T20:01:02 IST" name="closePopUp" finished-at="2023-12-10T20:01:02 IST" duration-ms="150" status="PASS">
          <reporter-output>
          </reporter-output>
        </test-method> <!-- closePopUp -->
        <test-method is-config="true" signature="beforeMethod()[pri:0, instance:Tests.NewTest@497486b3]" started-at="2023-12-10T20:01:02 IST" name="beforeMethod" finished-at="2023-12-10T20:01:02 IST" duration-ms="0" status="PASS">
          <reporter-output>
          </reporter-output>
        </test-method> <!-- beforeMethod -->
        <test-method is-config="true" signature="afterMethod()[pri:0, instance:Tests.NewTest@497486b3]" started-at="2023-12-10T20:01:02 IST" name="afterMethod" finished-at="2023-12-10T20:01:02 IST" duration-ms="0" status="PASS">
          <reporter-output>
          </reporter-output>
        </test-method> <!-- afterMethod -->
        <test-method is-config="true" signature="afterMethod()[pri:0, instance:Tests.NewTest@497486b3]" started-at="2023-12-10T20:01:02 IST" name="afterMethod" finished-at="2023-12-10T20:01:02 IST" duration-ms="0" status="PASS">
          <reporter-output>
          </reporter-output>
        </test-method> <!-- afterMethod -->
        <test-method signature="verifyBasketPage()[pri:16, instance:Tests.NewTest@497486b3]" started-at="2023-12-10T20:01:02 IST" name="verifyBasketPage" finished-at="2023-12-10T20:01:02 IST" duration-ms="35" status="PASS">
          <reporter-output>
          </reporter-output>
        </test-method> <!-- verifyBasketPage -->
        <test-method is-config="true" signature="beforeMethod()[pri:0, instance:Tests.NewTest@497486b3]" started-at="2023-12-10T20:01:02 IST" name="beforeMethod" finished-at="2023-12-10T20:01:02 IST" duration-ms="0" status="PASS">
          <reporter-output>
          </reporter-output>
        </test-method> <!-- beforeMethod -->
        <test-method is-config="true" signature="afterTest()[pri:0, instance:Tests.NewTest@497486b3]" started-at="2023-12-10T20:01:02 IST" name="afterTest" finished-at="2023-12-10T20:01:02 IST" duration-ms="0" status="PASS">
          <reporter-output>
          </reporter-output>
        </test-method> <!-- afterTest -->
        <test-method is-config="true" signature="afterMethod()[pri:0, instance:Tests.NewTest@497486b3]" started-at="2023-12-10T20:01:02 IST" name="afterMethod" finished-at="2023-12-10T20:01:02 IST" duration-ms="0" status="PASS">
          <reporter-output>
          </reporter-output>
        </test-method> <!-- afterMethod -->
        <test-method is-config="true" signature="afterClass()[pri:0, instance:Tests.NewTest@497486b3]" started-at="2023-12-10T20:01:02 IST" name="afterClass" finished-at="2023-12-10T20:01:02 IST" duration-ms="0" status="PASS">
          <reporter-output>
          </reporter-output>
        </test-method> <!-- afterClass -->
        <test-method is-config="true" signature="afterSuite()[pri:0, instance:Tests.NewTest@497486b3]" started-at="2023-12-10T20:01:02 IST" name="afterSuite" finished-at="2023-12-10T20:01:03 IST" duration-ms="379" status="PASS">
          <reporter-output>
          </reporter-output>
        </test-method> <!-- afterSuite -->
      </class> <!-- Tests.NewTest -->
    </test> <!-- Default test -->
  </suite> <!-- Default suite -->
</testng-results>
